{
  "RSpec": {
    "coverage": {
      "/Users/acosferreira/Documents/riskmethod/movie_app/app/controllers/application_controller.rb": [
        1,
        null
      ],
      "/Users/acosferreira/Documents/riskmethod/movie_app/app/controllers/home_controller.rb": [
        1,
        1,
        null,
        null,
        null
      ],
      "/Users/acosferreira/Documents/riskmethod/movie_app/app/channels/application_cable/channel.rb": [
        0,
        0,
        0,
        0
      ],
      "/Users/acosferreira/Documents/riskmethod/movie_app/app/channels/application_cable/connection.rb": [
        0,
        0,
        0,
        0
      ],
      "/Users/acosferreira/Documents/riskmethod/movie_app/app/controllers/api/v1/categories_controller.rb": [
        0,
        null,
        null,
        0,
        null,
        0,
        0,
        0,
        null,
        0,
        0,
        0,
        0,
        0,
        0,
        null,
        0,
        0,
        0,
        null,
        0,
        0,
        0,
        0,
        0,
        null,
        0,
        0,
        0,
        0,
        0,
        null,
        0,
        null,
        0,
        0,
        0,
        null,
        0,
        0,
        0,
        0
      ],
      "/Users/acosferreira/Documents/riskmethod/movie_app/app/controllers/api/v1/movies_controller.rb": [
        0,
        null,
        null,
        0,
        null,
        0,
        0,
        0,
        null,
        0,
        0,
        0,
        0,
        null,
        0,
        0,
        0,
        null,
        0,
        0,
        0,
        0,
        0,
        null,
        0,
        0,
        0,
        0,
        0,
        0,
        null,
        0,
        null,
        0,
        0,
        0,
        null,
        0,
        0,
        0,
        0
      ],
      "/Users/acosferreira/Documents/riskmethod/movie_app/app/controllers/api/v1/ratings_controller.rb": [
        0,
        0,
        0,
        null,
        0,
        0,
        0,
        null,
        0,
        0,
        0,
        0,
        null,
        0,
        0,
        0,
        null,
        0,
        0,
        0,
        0,
        0,
        null,
        0,
        0,
        0,
        0,
        0,
        0,
        null,
        0,
        null,
        0,
        0,
        0,
        null,
        0,
        0,
        0,
        0
      ],
      "/Users/acosferreira/Documents/riskmethod/movie_app/app/helpers/application_helper.rb": [
        0,
        0
      ],
      "/Users/acosferreira/Documents/riskmethod/movie_app/app/helpers/categories_helper.rb": [
        0,
        0
      ],
      "/Users/acosferreira/Documents/riskmethod/movie_app/app/helpers/movies_helper.rb": [
        0,
        0
      ],
      "/Users/acosferreira/Documents/riskmethod/movie_app/app/helpers/ratings_helper.rb": [
        0,
        0
      ],
      "/Users/acosferreira/Documents/riskmethod/movie_app/app/jobs/application_job.rb": [
        0,
        0
      ],
      "/Users/acosferreira/Documents/riskmethod/movie_app/app/mailers/application_mailer.rb": [
        0,
        0,
        0,
        0
      ],
      "/Users/acosferreira/Documents/riskmethod/movie_app/app/models/ability.rb": [
        0,
        0,
        null,
        0,
        0,
        0,
        0,
        0,
        0,
        0,
        0,
        0
      ],
      "/Users/acosferreira/Documents/riskmethod/movie_app/app/models/application_record.rb": [
        0,
        0,
        0
      ],
      "/Users/acosferreira/Documents/riskmethod/movie_app/app/models/category.rb": [
        0,
        0,
        0,
        0,
        0,
        null,
        0,
        0,
        0,
        0
      ],
      "/Users/acosferreira/Documents/riskmethod/movie_app/app/models/movie.rb": [
        0,
        0,
        0,
        0,
        0,
        0,
        null,
        0,
        0,
        0,
        0
      ],
      "/Users/acosferreira/Documents/riskmethod/movie_app/app/models/rating.rb": [
        0,
        0,
        0,
        0,
        0,
        null,
        0
      ],
      "/Users/acosferreira/Documents/riskmethod/movie_app/app/models/user.rb": [
        0,
        null,
        null,
        0,
        0,
        0
      ]
    },
    "timestamp": 1535878066
  }
}
